d:\documents\visual studio 2022\projects\pong\pong\x64\debug\vc143.pdb
d:\documents\visual studio 2022\projects\pong\pong\x64\debug\vc143.idb
d:\documents\visual studio 2022\projects\pong\pong\x64\debug\window.obj
d:\documents\visual studio 2022\projects\pong\pong\x64\debug\shader.obj
d:\documents\visual studio 2022\projects\pong\pong\x64\debug\main.obj
d:\documents\visual studio 2022\projects\pong\pong\x64\debug\buffer.obj
d:\documents\visual studio 2022\projects\pong\pong\x64\debug\mat4.obj
d:\documents\visual studio 2022\projects\pong\pong\x64\debug\vertexbufferlayout.obj
d:\documents\visual studio 2022\projects\pong\pong\x64\debug\vertexarray.obj
d:\documents\visual studio 2022\projects\pong\pong\x64\debug\renderer.obj
d:\documents\visual studio 2022\projects\pong\pong\x64\debug\mesh.obj
d:\documents\visual studio 2022\projects\pong\pong\x64\debug\gameloop.obj
d:\documents\visual studio 2022\projects\pong\pong\x64\debug\vec.obj
d:\documents\visual studio 2022\projects\pong\pong\x64\debug\renderableobject.obj
d:\documents\visual studio 2022\projects\pong\x64\debug\pong.exe
d:\documents\visual studio 2022\projects\pong\pong\x64\debug\pong.ilk
d:\documents\visual studio 2022\projects\pong\x64\debug\pong.pdb
d:\documents\visual studio 2022\projects\pong\pong\x64\debug\core_func_integer_bit_count.obj
d:\documents\visual studio 2022\projects\pong\pong\x64\debug\core_func_noise.obj
d:\documents\visual studio 2022\projects\pong\pong\x64\debug\pong.tlog\cl.command.1.tlog
d:\documents\visual studio 2022\projects\pong\pong\x64\debug\pong.tlog\cl.read.1.tlog
d:\documents\visual studio 2022\projects\pong\pong\x64\debug\pong.tlog\cl.write.1.tlog
d:\documents\visual studio 2022\projects\pong\pong\x64\debug\pong.tlog\link.command.1.tlog
d:\documents\visual studio 2022\projects\pong\pong\x64\debug\pong.tlog\link.read.1.tlog
d:\documents\visual studio 2022\projects\pong\pong\x64\debug\pong.tlog\link.write.1.tlog
